# JRE version: OpenJDK Runtime Environment (8.0_152-b02) (build 1.8.0_152-release-1024-b02)
# Java VM: OpenJDK 64-Bit Server VM (25.152-b02 mixed mode windows-amd64 compressed oops)
Heap:
 PSYoungGen      total 399872K, used 202176K [0x00000000e0000000, 0x0000000100000000, 0x0000000100000000)
  eden space 277504K, 69% used [0x00000000e0000000,0x00000000ebc43fa8,0x00000000f0f00000)
  from space 122368K, 7% used [0x00000000f8880000,0x00000000f91ac3a0,0x0000000100000000)
  to   space 123392K, 0% used [0x00000000f0f00000,0x00000000f0f00000,0x00000000f8780000)
 ParOldGen       total 759808K, used 334382K [0x00000000a0000000, 0x00000000ce600000, 0x00000000e0000000)
  object space 759808K, 44% used [0x00000000a0000000,0x00000000b468bb40,0x00000000ce600000)
 Metaspace       used 86556K, capacity 92338K, committed 93056K, reserved 1130496K
  class space    used 10469K, capacity 11488K, committed 11648K, reserved 1048576K
GC Heap History (10 events):
Event: 19712.307 GC heap before
{Heap before GC invocations=239 (full 19):
 PSYoungGen      total 398848K, used 383776K [0x00000000e0000000, 0x0000000100000000, 0x0000000100000000)
  eden space 287744K, 100% used [0x00000000e0000000,0x00000000f1900000,0x00000000f1900000)
  from space 111104K, 86% used [0x00000000f9380000,0x00000000ff1482d0,0x0000000100000000)
  to   space 118272K, 0% used [0x00000000f1900000,0x00000000f1900000,0x00000000f8c80000)
 ParOldGen       total 1048576K, used 1011699K [0x00000000a0000000, 0x00000000e0000000, 0x00000000e0000000)
  object space 1048576K, 96% used [0x00000000a0000000,0x00000000ddbfcff0,0x00000000e0000000)
 Metaspace       used 86530K, capacity 92274K, committed 93056K, reserved 1130496K
  class space    used 10466K, capacity 11488K, committed 11648K, reserved 1048576K
Event: 19712.857 GC heap after
Heap after GC invocations=239 (full 19):
 PSYoungGen      total 398848K, used 0K [0x00000000e0000000, 0x0000000100000000, 0x0000000100000000)
  eden space 287744K, 0% used [0x00000000e0000000,0x00000000e0000000,0x00000000f1900000)
  from space 111104K, 0% used [0x00000000f9380000,0x00000000f9380000,0x0000000100000000)
  to   space 118272K, 0% used [0x00000000f1900000,0x00000000f1900000,0x00000000f8c80000)
 ParOldGen       total 759808K, used 334374K [0x00000000a0000000, 0x00000000ce600000, 0x00000000e0000000)
  object space 759808K, 44% used [0x00000000a0000000,0x00000000b4689b40,0x00000000ce600000)
 Metaspace       used 86530K, capacity 92274K, committed 93056K, reserved 1130496K
  class space    used 10466K, capacity 11488K, committed 11648K, reserved 1048576K
}
Event: 19716.400 GC heap before
{Heap before GC invocations=240 (full 19):
 PSYoungGen      total 398848K, used 287546K [0x00000000e0000000, 0x0000000100000000, 0x0000000100000000)
  eden space 287744K, 99% used [0x00000000e0000000,0x00000000f18ce828,0x00000000f1900000)
  from space 111104K, 0% used [0x00000000f9380000,0x00000000f9380000,0x0000000100000000)
  to   space 118272K, 0% used [0x00000000f1900000,0x00000000f1900000,0x00000000f8c80000)
 ParOldGen       total 759808K, used 334374K [0x00000000a0000000, 0x00000000ce600000, 0x00000000e0000000)
  object space 759808K, 44% used [0x00000000a0000000,0x00000000b4689b40,0x00000000ce600000)
 Metaspace       used 86535K, capacity 92274K, committed 93056K, reserved 1130496K
  class space    used 10466K, capacity 11488K, committed 11648K, reserved 1048576K
Event: 19716.410 GC heap after
Heap after GC invocations=240 (full 19):
 PSYoungGen      total 406016K, used 50704K [0x00000000e0000000, 0x0000000100000000, 0x0000000100000000)
  eden space 287744K, 0% used [0x00000000e0000000,0x00000000e0000000,0x00000000f1900000)
  from space 118272K, 42% used [0x00000000f1900000,0x00000000f4a843c0,0x00000000f8c80000)
  to   space 115712K, 0% used [0x00000000f8f00000,0x00000000f8f00000,0x0000000100000000)
 ParOldGen       total 759808K, used 334382K [0x00000000a0000000, 0x00000000ce600000, 0x00000000e0000000)
  object space 759808K, 44% used [0x00000000a0000000,0x00000000b468bb40,0x00000000ce600000)
 Metaspace       used 86535K, capacity 92274K, committed 93056K, reserved 1130496K
  class space    used 10466K, capacity 11488K, committed 11648K, reserved 1048576K
}
Event: 19716.450 GC heap before
{Heap before GC invocations=241 (full 19):
 PSYoungGen      total 406016K, used 338448K [0x00000000e0000000, 0x0000000100000000, 0x0000000100000000)
  eden space 287744K, 100% used [0x00000000e0000000,0x00000000f1900000,0x00000000f1900000)
  from space 118272K, 42% used [0x00000000f1900000,0x00000000f4a843c0,0x00000000f8c80000)
  to   space 115712K, 0% used [0x00000000f8f00000,0x00000000f8f00000,0x0000000100000000)
 ParOldGen       total 759808K, used 334382K [0x00000000a0000000, 0x00000000ce600000, 0x00000000e0000000)
  object space 759808K, 44% used [0x00000000a0000000,0x00000000b468bb40,0x00000000ce600000)
 Metaspace       used 86535K, capacity 92274K, committed 93056K, reserved 1130496K
  class space    used 10466K, capacity 11488K, committed 11648K, reserved 1048576K
Event: 19716.455 GC heap after
Heap after GC invocations=241 (full 19):
 PSYoungGen      total 399360K, used 9360K [0x00000000e0000000, 0x0000000100000000, 0x0000000100000000)
  eden space 283648K, 0% used [0x00000000e0000000,0x00000000e0000000,0x00000000f1500000)
  from space 115712K, 8% used [0x00000000f8f00000,0x00000000f98243a0,0x0000000100000000)
  to   space 120320K, 0% used [0x00000000f1500000,0x00000000f1500000,0x00000000f8a80000)
 ParOldGen       total 759808K, used 334382K [0x00000000a0000000, 0x00000000ce600000, 0x00000000e0000000)
  object space 759808K, 44% used [0x00000000a0000000,0x00000000b468bb40,0x00000000ce600000)
 Metaspace       used 86535K, capacity 92274K, committed 93056K, reserved 1130496K
  class space    used 10466K, capacity 11488K, committed 11648K, reserved 1048576K
}
Event: 19716.482 GC heap before
{Heap before GC invocations=242 (full 19):
 PSYoungGen      total 399360K, used 292572K [0x00000000e0000000, 0x0000000100000000, 0x0000000100000000)
  eden space 283648K, 99% used [0x00000000e0000000,0x00000000f1492d40,0x00000000f1500000)
  from space 115712K, 8% used [0x00000000f8f00000,0x00000000f98243a0,0x0000000100000000)
  to   space 120320K, 0% used [0x00000000f1500000,0x00000000f1500000,0x00000000f8a80000)
 ParOldGen       total 759808K, used 334382K [0x00000000a0000000, 0x00000000ce600000, 0x00000000e0000000)
  object space 759808K, 44% used [0x00000000a0000000,0x00000000b468bb40,0x00000000ce600000)
 Metaspace       used 86535K, capacity 92274K, committed 93056K, reserved 1130496K
  class space    used 10466K, capacity 11488K, committed 11648K, reserved 1048576K
Event: 19716.487 GC heap after
Heap after GC invocations=242 (full 19):
 PSYoungGen      total 293376K, used 9360K [0x00000000e0000000, 0x0000000100000000, 0x0000000100000000)
  eden space 283648K, 0% used [0x00000000e0000000,0x00000000e0000000,0x00000000f1500000)
  from space 9728K, 96% used [0x00000000f1500000,0x00000000f1e243a0,0x00000000f1e80000)
  to   space 122368K, 0% used [0x00000000f8880000,0x00000000f8880000,0x0000000100000000)
 ParOldGen       total 759808K, used 334382K [0x00000000a0000000, 0x00000000ce600000, 0x00000000e0000000)
  object space 759808K, 44% used [0x00000000a0000000,0x00000000b468bb40,0x00000000ce600000)
 Metaspace       used 86535K, capacity 92274K, committed 93056K, reserved 1130496K
  class space    used 10466K, capacity 11488K, committed 11648K, reserved 1048576K
}
Event: 19716.515 GC heap before
{Heap before GC invocations=243 (full 19):
 PSYoungGen      total 293376K, used 292901K [0x00000000e0000000, 0x0000000100000000, 0x0000000100000000)
  eden space 283648K, 99% used [0x00000000e0000000,0x00000000f14e52f8,0x00000000f1500000)
  from space 9728K, 96% used [0x00000000f1500000,0x00000000f1e243a0,0x00000000f1e80000)
  to   space 122368K, 0% used [0x00000000f8880000,0x00000000f8880000,0x0000000100000000)
 ParOldGen       total 759808K, used 334382K [0x00000000a0000000, 0x00000000ce600000, 0x00000000e0000000)
  object space 759808K, 44% used [0x00000000a0000000,0x00000000b468bb40,0x00000000ce600000)
 Metaspace       used 86535K, capacity 92274K, committed 93056K, reserved 1130496K
  class space    used 10466K, capacity 11488K, committed 11648K, reserved 1048576K
Event: 19716.520 GC heap after
Heap after GC invocations=243 (full 19):
 PSYoungGen      total 399872K, used 9392K [0x00000000e0000000, 0x0000000100000000, 0x0000000100000000)
  eden space 277504K, 0% used [0x00000000e0000000,0x00000000e0000000,0x00000000f0f00000)
  from space 122368K, 7% used [0x00000000f8880000,0x00000000f91ac3a0,0x0000000100000000)
  to   space 123392K, 0% used [0x00000000f0f00000,0x00000000f0f00000,0x00000000f8780000)
 ParOldGen       total 759808K, used 334382K [0x00000000a0000000, 0x00000000ce600000, 0x00000000e0000000)
  object space 759808K, 44% used [0x00000000a0000000,0x00000000b468bb40,0x00000000ce600000)
 Metaspace       used 86535K, capacity 92274K, committed 93056K, reserved 1130496K
  class space    used 10466K, capacity 11488K, committed 11648K, reserved 1048576K
}

